libglupro/build/intermediates/manifest_merge_blame_file/debug/manifest-merger-blame-debug-report.txt
1<?xml version="1.0" encoding="utf-8"?>
2<manifest xmlns:android="http://schemas.android.com/apk/res/android"
3    xmlns:tools="http://schemas.android.com/tools"
4    package="lwld.glucose.profile" >
5
6    <uses-sdk android:minSdkVersion="24" />
6-->src\main\AndroidManifest.xml
7
8    <uses-permission android:name="android.permission.BLUETOOTH" />
8-->src\main\AndroidManifest.xml:5:5-68
8-->src\main\AndroidManifest.xml:5:22-65
9    <uses-permission android:name="android.permission.BLUETOOTH_ADMIN" />
9-->src\main\AndroidManifest.xml:6:5-74
9-->src\main\AndroidManifest.xml:6:22-71
10
11    <application>
11-->src\main\AndroidManifest.xml:7:5-8:19
12    </application>
13
14</manifest>